{"numFailedTestSuites":0,"numFailedTests":0,"numPassedTestSuites":3,"numPassedTests":11,"numPendingTestSuites":0,"numPendingTests":0,"numRuntimeErrorTestSuites":0,"numTodoTests":0,"numTotalTestSuites":3,"numTotalTests":11,"openHandles":[],"snapshot":{"added":0,"didUpdate":false,"failure":false,"filesAdded":0,"filesRemoved":0,"filesRemovedList":[],"filesUnmatched":0,"filesUpdated":0,"matched":0,"total":0,"unchecked":0,"uncheckedKeysByFile":[],"unmatched":0,"updated":0},"startTime":1716867904810,"success":true,"testResults":[{"assertionResults":[{"ancestorTitles":["Accordion.vue"],"duration":13,"failureDetails":[],"failureMessages":[],"fullName":"Accordion.vue renders the accordion with items","invocations":1,"location":null,"numPassingAsserts":1,"retryReasons":[],"status":"passed","title":"renders the accordion with items"},{"ancestorTitles":["Accordion.vue"],"duration":17,"failureDetails":[],"failureMessages":[],"fullName":"Accordion.vue expands and collapses on header click","invocations":1,"location":null,"numPassingAsserts":2,"retryReasons":[],"status":"passed","title":"expands and collapses on header click"}],"endTime":1716867905387,"message":"","name":"/Users/saransh.seth/Desktop/Tailwind-Demo/src/components/Accordion/Accordion.test.js","startTime":1716867905079,"status":"passed","summary":""},{"assertionResults":[{"ancestorTitles":["TextField.vue"],"duration":3,"failureDetails":[],"failureMessages":[],"fullName":"TextField.vue renders text field","invocations":1,"location":null,"numPassingAsserts":1,"retryReasons":[],"status":"passed","title":"renders text field"},{"ancestorTitles":["TextField.vue"],"duration":1,"failureDetails":[],"failureMessages":[],"fullName":"TextField.vue binds v-model correctly","invocations":1,"location":null,"numPassingAsserts":2,"retryReasons":[],"status":"passed","title":"binds v-model correctly"},{"ancestorTitles":["TextField.vue"],"duration":1,"failureDetails":[],"failureMessages":[],"fullName":"TextField.vue shows helper text when provided","invocations":1,"location":null,"numPassingAsserts":1,"retryReasons":[],"status":"passed","title":"shows helper text when provided"},{"ancestorTitles":["TextField.vue"],"duration":1,"failureDetails":[],"failureMessages":[],"fullName":"TextField.vue shows error message on invalid input","invocations":1,"location":null,"numPassingAsserts":1,"retryReasons":[],"status":"passed","title":"shows error message on invalid input"},{"ancestorTitles":["TextField.vue"],"duration":1,"failureDetails":[],"failureMessages":[],"fullName":"TextField.vue is disabled when isDisabled is true","invocations":1,"location":null,"numPassingAsserts":1,"retryReasons":[],"status":"passed","title":"is disabled when isDisabled is true"}],"endTime":1716867905450,"message":"","name":"/Users/saransh.seth/Desktop/Tailwind-Demo/src/components/TextField/TextField.test.js","startTime":1716867905393,"status":"passed","summary":""},{"assertionResults":[{"ancestorTitles":["Button.vue"],"duration":1,"failureDetails":[],"failureMessages":[],"fullName":"Button.vue renders primary button","invocations":1,"location":null,"numPassingAsserts":1,"retryReasons":[],"status":"passed","title":"renders primary button"},{"ancestorTitles":["Button.vue"],"duration":3,"failureDetails":[],"failureMessages":[],"fullName":"Button.vue emits click event when clicked","invocations":1,"location":null,"numPassingAsserts":1,"retryReasons":[],"status":"passed","title":"emits click event when clicked"},{"ancestorTitles":["Button.vue"],"duration":1,"failureDetails":[],"failureMessages":[],"fullName":"Button.vue is disabled when isDisabled is true","invocations":1,"location":null,"numPassingAsserts":1,"retryReasons":[],"status":"passed","title":"is disabled when isDisabled is true"},{"ancestorTitles":["Button.vue"],"duration":2,"failureDetails":[],"failureMessages":[],"fullName":"Button.vue has rounded class when isRound is true","invocations":1,"location":null,"numPassingAsserts":1,"retryReasons":[],"status":"passed","title":"has rounded class when isRound is true"}],"endTime":1716867905486,"message":"","name":"/Users/saransh.seth/Desktop/Tailwind-Demo/src/components/Button/Button.test.js","startTime":1716867905455,"status":"passed","summary":""}],"wasInterrupted":false}
